<?xml version="1.0" encoding="UTF-8"?>
<!-- Generated by org.testng.reporters.JUnitXMLReporter -->
<testsuite hostname="LAPTOP-MB80RPKK" ignored="0" name="Test" tests="2" failures="1" timestamp="2021-01-23T08:09:46 IST" time="19.801" errors="0">
  <testcase name="checkTitle" time="7.715" classname="contactformtestCases.ContactFormTest">
    <failure type="java.lang.AssertionError" message="expected [abc.com] but found [My Store]">
      <![CDATA[java.lang.AssertionError: expected [abc.com] but found [My Store]
at contactformtestCases.ContactFormTest.checkTitle(ContactFormTest.java:32)
at java.util.ArrayList.forEach(ArrayList.java:1234)
... Removed 34 stack frames]]>
    </failure>
  </testcase> <!-- checkTitle -->
  <testcase name="emailField" time="1.773" classname="contactformtestCases.ContactFormTest"/>
</testsuite> <!-- Test -->
